<?xml version="1.0" encoding="UTF-8"?>
<testsuite xmlns:xsi="http://www.w3.org/2001/XMLSchema-instance" xsi:noNamespaceSchemaLocation="https://maven.apache.org/surefire/maven-surefire-plugin/xsd/surefire-test-report-3.0.xsd" version="3.0" name="com.example.CountryLocatorTest" time="6.778" tests="3" errors="0" skipped="0" failures="0">
  <properties>
[...]
</properties>
  <testcase name="testValidCoordinates" classname="com.example.CountryLocatorTest" time="1.894"/>
  <testcase name="testInvalidCoordinates" classname="com.example.CountryLocatorTest" time="2.056"/>
  <testcase name="testEdgeCaseCoordinates" classname="com.example.CountryLocatorTest" time="2.752"/>
</testsuite>